[INFO ] ForkJoinPool-1-worker-1 - 19:34:09.485 controller.SpriteLoader - Sprites loaded
[INFO ] ForkJoinPool-1-worker-1 - 19:34:09.633 controller.KeyConfigLoader - Successfully Registered Keys
[INFO ] ForkJoinPool-1-worker-1 - 19:34:09.815 controller.SceneController - Added "Menu":class se233.project2.view.MenuView
[INFO ] ForkJoinPool-1-worker-1 - 19:34:09.816 controller.SceneController - Added "Game":class se233.project2.view.GameView
[INFO ] ForkJoinPool-1-worker-1 - 19:34:09.830 controller.SceneController - Added "CharaSelect":class se233.project2.view.CharaSelectView
[DEBUG] ForkJoinPool-1-worker-1 - 19:34:09.845 model.Character - pos: [100.00, 50.00] air - [0.00, 0.00] - [0.00, 0.00]
[DEBUG] ForkJoinPool-1-worker-1 - 19:34:09.845 model.Character - pos: [200.00, 645.00] ground - [0.00, 0.00] - [0.00, 0.00]
[DEBUG] ForkJoinPool-1-worker-1 - 19:34:09.846 model.Ball - pos: [400.00, 100.00] air - [0.00, 0.00] - [0.00, 0.00]
[DEBUG] ForkJoinPool-1-worker-1 - 19:34:09.846 model.Character - pos: [100.00, 50.00] air - [0.67, 1.57] - [0.00, 0.67]
[DEBUG] ForkJoinPool-1-worker-1 - 19:34:09.846 model.Character - pos: [200.00, 645.00] ground - [0.00, 0.00] - [0.00, 0.00]
[INFO ] JavaFX Application Thread - 19:34:09.863 game.GameController - P2 Goal
[DEBUG] JavaFX Application Thread - 19:34:09.864 game.GameController - IntegerProperty [value: 1]
[DEBUG] ForkJoinPool-1-worker-1 - 19:34:09.904 controller.MediaController - Playing jump
[DEBUG] ForkJoinPool-1-worker-1 - 19:34:09.906 model.Ball - pos: [400.00, 100.00] air - [0.71, 1.57] - [0.00, 0.71]
[INFO ] ForkJoinPool-1-worker-1 - 19:34:09.916 controller.SpriteLoader - Sprites loaded
[INFO ] ForkJoinPool-1-worker-1 - 19:34:09.926 controller.KeyConfigLoader - Successfully Registered Keys
[INFO ] ForkJoinPool-1-worker-1 - 19:34:09.941 controller.SceneController - Added "Menu":class se233.project2.view.MenuView
[INFO ] ForkJoinPool-1-worker-1 - 19:34:09.941 controller.SceneController - Added "Game":class se233.project2.view.GameView
[INFO ] ForkJoinPool-1-worker-1 - 19:34:09.953 controller.SceneController - Added "CharaSelect":class se233.project2.view.CharaSelectView
[DEBUG] ForkJoinPool-1-worker-1 - 19:34:09.954 model.Character - pos: [100.00, 50.00] air - [0.00, 0.00] - [0.00, 0.00]
[DEBUG] ForkJoinPool-1-worker-1 - 19:34:09.954 model.Character - pos: [200.00, 645.00] air - [0.00, 0.00] - [0.00, 0.00]
[DEBUG] ForkJoinPool-1-worker-1 - 19:34:09.954 model.Ball - pos: [400.00, 100.00] ground - [0.00, 0.00] - [0.00, 0.00]
[INFO ] ForkJoinPool-1-worker-1 - 19:34:09.958 controller.SpriteLoader - Sprites loaded
[INFO ] ForkJoinPool-1-worker-1 - 19:34:09.976 controller.KeyConfigLoader - Successfully Registered Keys
[INFO ] ForkJoinPool-1-worker-1 - 19:34:09.994 controller.SceneController - Added "Menu":class se233.project2.view.MenuView
[INFO ] ForkJoinPool-1-worker-1 - 19:34:09.995 controller.SceneController - Added "Game":class se233.project2.view.GameView
[INFO ] ForkJoinPool-1-worker-1 - 19:34:10.002 controller.SceneController - Added "CharaSelect":class se233.project2.view.CharaSelectView
[DEBUG] ForkJoinPool-1-worker-1 - 19:34:10.003 model.Keys - [SPACE]
[DEBUG] ForkJoinPool-1-worker-1 - 19:34:10.003 model.Character - kick
[DEBUG] ForkJoinPool-1-worker-1 - 19:34:10.005 controller.MediaController - Playing kick
[INFO ] ForkJoinPool-1-worker-1 - 19:34:10.011 controller.SpriteLoader - Sprites loaded
[INFO ] ForkJoinPool-1-worker-1 - 19:34:10.018 controller.KeyConfigLoader - Successfully Registered Keys
[INFO ] ForkJoinPool-1-worker-1 - 19:34:10.027 controller.SceneController - Added "Menu":class se233.project2.view.MenuView
[INFO ] ForkJoinPool-1-worker-1 - 19:34:10.028 controller.SceneController - Added "Game":class se233.project2.view.GameView
[INFO ] ForkJoinPool-1-worker-1 - 19:34:10.035 controller.SceneController - Added "CharaSelect":class se233.project2.view.CharaSelectView
[DEBUG] ForkJoinPool-1-worker-1 - 19:34:10.036 model.Character - kick
[DEBUG] ForkJoinPool-1-worker-1 - 19:34:10.038 controller.MediaController - Playing kick
[INFO ] ForkJoinPool-1-worker-1 - 19:34:10.042 controller.SpriteLoader - Sprites loaded
[INFO ] ForkJoinPool-1-worker-1 - 19:34:10.051 controller.KeyConfigLoader - Successfully Registered Keys
[INFO ] ForkJoinPool-1-worker-1 - 19:34:10.060 controller.SceneController - Added "Menu":class se233.project2.view.MenuView
[INFO ] ForkJoinPool-1-worker-1 - 19:34:10.061 controller.SceneController - Added "Game":class se233.project2.view.GameView
[INFO ] ForkJoinPool-1-worker-1 - 19:34:10.068 controller.SceneController - Added "CharaSelect":class se233.project2.view.CharaSelectView
[INFO ] ForkJoinPool-1-worker-1 - 19:34:10.068 game.GameController - Player 2: Try Special
[INFO ] ForkJoinPool-1-worker-1 - 19:34:10.069 game.GameController - Player 2: Queuing Special
[INFO ] ForkJoinPool-1-worker-1 - 19:34:10.076 controller.SpriteLoader - Sprites loaded
[INFO ] ForkJoinPool-1-worker-1 - 19:34:10.089 controller.KeyConfigLoader - Successfully Registered Keys
[INFO ] ForkJoinPool-1-worker-1 - 19:34:10.101 controller.SceneController - Added "Menu":class se233.project2.view.MenuView
[INFO ] ForkJoinPool-1-worker-1 - 19:34:10.101 controller.SceneController - Added "Game":class se233.project2.view.GameView
[INFO ] ForkJoinPool-1-worker-1 - 19:34:10.112 controller.SceneController - Added "CharaSelect":class se233.project2.view.CharaSelectView
[DEBUG] ForkJoinPool-1-worker-1 - 19:34:10.114 model.Character - pos: [100.00, 50.00] air - [0.00, 0.00] - [0.00, 0.00]
[DEBUG] ForkJoinPool-1-worker-1 - 19:34:10.114 model.Character - pos: [200.00, 645.00] air - [0.00, 0.00] - [0.00, 0.00]
[DEBUG] ForkJoinPool-1-worker-1 - 19:34:10.115 model.Ball - pos: [400.00, 100.00] ground - [0.00, 0.00] - [0.00, 0.00]
[INFO ] ForkJoinPool-1-worker-1 - 19:34:10.119 controller.SpriteLoader - Sprites loaded
[INFO ] ForkJoinPool-1-worker-1 - 19:34:10.130 controller.KeyConfigLoader - Successfully Registered Keys
[INFO ] ForkJoinPool-1-worker-1 - 19:34:10.144 controller.SceneController - Added "Menu":class se233.project2.view.MenuView
[INFO ] ForkJoinPool-1-worker-1 - 19:34:10.144 controller.SceneController - Added "Game":class se233.project2.view.GameView
[INFO ] ForkJoinPool-1-worker-1 - 19:34:10.156 controller.SceneController - Added "CharaSelect":class se233.project2.view.CharaSelectView
[DEBUG] ForkJoinPool-1-worker-1 - 19:34:10.157 model.Character - pos: [100.00, 50.00] air - [0.00, 0.00] - [0.00, 0.00]
[INFO ] JavaFX Application Thread - 19:34:10.157 game.GameController - P2 Goal
[DEBUG] JavaFX Application Thread - 19:34:10.158 game.GameController - IntegerProperty [value: 2]
[DEBUG] ForkJoinPool-1-worker-1 - 19:34:10.158 model.Character - pos: [200.00, 645.00] ground - [0.00, 0.00] - [0.00, 0.00]
[DEBUG] ForkJoinPool-1-worker-1 - 19:34:10.158 model.Ball - pos: [400.00, 100.00] air - [0.00, 0.00] - [0.00, 0.00]
[DEBUG] ForkJoinPool-1-worker-1 - 19:34:10.158 model.Character - pos: [100.00, 50.00] air - [0.67, 1.57] - [0.00, 0.67]
[DEBUG] ForkJoinPool-1-worker-1 - 19:34:10.158 model.Character - pos: [200.00, 645.00] ground - [0.00, 0.00] - [0.00, 0.00]
[DEBUG] ForkJoinPool-1-worker-1 - 19:34:10.158 model.Ball - pos: [400.00, 100.00] air - [0.71, 1.57] - [0.00, 0.71]
[INFO ] ForkJoinPool-1-worker-1 - 19:34:10.163 controller.SpriteLoader - Sprites loaded
[INFO ] ForkJoinPool-1-worker-1 - 19:34:10.172 controller.KeyConfigLoader - Successfully Registered Keys
[INFO ] ForkJoinPool-1-worker-1 - 19:34:10.182 controller.SceneController - Added "Menu":class se233.project2.view.MenuView
[INFO ] ForkJoinPool-1-worker-1 - 19:34:10.182 controller.SceneController - Added "Game":class se233.project2.view.GameView
[INFO ] ForkJoinPool-1-worker-1 - 19:34:10.187 controller.SceneController - Added "CharaSelect":class se233.project2.view.CharaSelectView
[INFO ] ForkJoinPool-1-worker-1 - 19:34:10.188 game.GameController - Player 2: Try Special
[INFO ] ForkJoinPool-1-worker-1 - 19:34:10.191 controller.SpriteLoader - Sprites loaded
[INFO ] ForkJoinPool-1-worker-1 - 19:34:10.198 controller.KeyConfigLoader - Successfully Registered Keys
[INFO ] ForkJoinPool-1-worker-1 - 19:34:10.205 controller.SceneController - Added "Menu":class se233.project2.view.MenuView
[INFO ] ForkJoinPool-1-worker-1 - 19:34:10.205 controller.SceneController - Added "Game":class se233.project2.view.GameView
[INFO ] ForkJoinPool-1-worker-1 - 19:34:10.210 controller.SceneController - Added "CharaSelect":class se233.project2.view.CharaSelectView
[DEBUG] ForkJoinPool-1-worker-1 - 19:34:10.211 model.Character - pos: [100.00, 50.00] air - [0.00, 0.00] - [0.00, 0.00]
[DEBUG] ForkJoinPool-1-worker-1 - 19:34:10.211 model.Character - pos: [200.00, 645.00] air - [0.00, 0.00] - [0.00, 0.00]
[DEBUG] ForkJoinPool-1-worker-1 - 19:34:10.211 model.Ball - pos: [400.00, 100.00] ground - [0.00, 0.00] - [0.00, 0.00]
[DEBUG] ForkJoinPool-1-worker-1 - 19:34:10.212 model.Character - pos: [100.00, 50.00] air - [0.67, 1.57] - [0.00, 0.67]
[DEBUG] ForkJoinPool-1-worker-1 - 19:34:10.212 model.Character - pos: [200.00, 645.00] air - [0.67, 1.57] - [0.00, 0.67]
[DEBUG] ForkJoinPool-1-worker-1 - 19:34:10.212 model.Ball - pos: [400.00, 100.00] ground - [0.00, 0.00] - [0.00, 0.00]
[INFO ] ForkJoinPool-1-worker-1 - 19:34:10.215 controller.SpriteLoader - Sprites loaded
[INFO ] ForkJoinPool-1-worker-1 - 19:34:10.222 controller.KeyConfigLoader - Successfully Registered Keys
[INFO ] ForkJoinPool-1-worker-1 - 19:34:10.231 controller.SceneController - Added "Menu":class se233.project2.view.MenuView
[INFO ] ForkJoinPool-1-worker-1 - 19:34:10.232 controller.SceneController - Added "Game":class se233.project2.view.GameView
[INFO ] ForkJoinPool-1-worker-1 - 19:34:10.236 controller.SceneController - Added "CharaSelect":class se233.project2.view.CharaSelectView
[INFO ] JavaFX Application Thread - 19:34:10.238 game.GameController - P2 Goal
[DEBUG] JavaFX Application Thread - 19:34:10.238 game.GameController - IntegerProperty [value: 3]
